08/12/10 15:58:07 : unsupported attribute fill-rule (X:\epoc32\build\s60\icons\temp\s4ho.tmp\.._gfx_imageconverter.svg)
08/12/10 15:58:16 : unsupported attribute fill-rule (X:\epoc32\build\s60\icons\temp\s560.tmp\.._gfx_imageconverter.svg)
08/12/10 16:00:26 : unsupported attribute fill-rule (X:\epoc32\build\s60\icons\temp\s5fo.tmp\.._gfx_imageconverter.svg)
08/12/10 16:00:38 : unsupported attribute fill-rule (X:\epoc32\build\s60\icons\temp\s410.tmp\.._gfx_imageconverter.svg)
08/12/10 16:00:59 : unsupported attribute fill-rule (X:\epoc32\build\s60\icons\temp\s5jg.tmp\.._gfx_imageconverter.svg)
08/12/10 16:08:08 : unsupported attribute fill-rule (X:\epoc32\build\s60\icons\temp\s5pk.tmp\.._gfx_imageconverter.svg)
08/12/10 16:10:38 : unsupported attribute fill-rule (X:\epoc32\build\s60\icons\temp\s43c.tmp\.._gfx_imageconverter.svg)
08/17/10 10:18:07 : unsupported attribute fill-rule (R:\epoc32\build\s60\icons\temp\s9k.tmp\.._gfx_imageconverter.svg)
08/17/10 10:18:45 : unsupported attribute fill-rule (R:\epoc32\build\s60\icons\temp\s4t0.tmp\.._gfx_imageconverter.svg)
08/17/10 10:20:36 : unsupported attribute fill-rule (R:\epoc32\build\s60\icons\temp\s5l0.tmp\.._gfx_imageconverter.svg)
08/17/10 10:20:52 : unsupported attribute fill-rule (R:\epoc32\build\s60\icons\temp\s5lk.tmp\.._gfx_imageconverter.svg)
04/28/17 12:31:07 : unsupported attribute fill-rule (\Nokia\devices\Nokia_Symbian3_SDK_v1.0\epoc32\build\s60\icons\temp\s3b8.tmp\.._gfx_imageconverter.svg)
04/28/17 12:33:29 : unsupported attribute fill-rule (\Nokia\devices\Nokia_Symbian3_SDK_v1.0\epoc32\build\s60\icons\temp\s2fs.tmp\.._gfx_imageconverter.svg)
04/28/17 12:34:48 : unsupported attribute fill-rule (\Nokia\devices\Nokia_Symbian3_SDK_v1.0\epoc32\build\s60\icons\temp\s2as.tmp\.._gfx_imageconverter.svg)
04/28/17 12:38:31 : unsupported attribute fill-rule (\Nokia\devices\Nokia_Symbian3_SDK_v1.0\epoc32\build\s60\icons\temp\s3ok.tmp\.._gfx_imageconverter.svg)
04/28/17 13:44:29 : unsupported attribute fill-rule (\Nokia\devices\Nokia_Symbian3_SDK_v1.0\epoc32\build\s60\icons\temp\sdg.tmp\.._gfx_imageconverter.svg)
04/28/17 14:07:15 : unsupported attribute fill-rule (\Nokia\devices\Nokia_Symbian3_SDK_v1.0\epoc32\build\s60\icons\temp\s2o4.tmp\.._gfx_imageconverter.svg)
04/28/17 14:39:47 : unsupported attribute fill-rule (\Nokia\devices\Nokia_Symbian3_SDK_v1.0\epoc32\build\s60\icons\temp\s74.tmp\.._gfx_imageconverter.svg)
04/28/17 16:37:27 : unsupported attribute fill-rule (\Nokia\devices\Nokia_Symbian3_SDK_v1.0\epoc32\build\s60\icons\temp\st8.tmp\.._gfx_imageconverter.svg)
04/28/17 20:52:44 : unsupported attribute fill-rule (\Nokia\devices\Nokia_Symbian3_SDK_v1.0\epoc32\build\s60\icons\temp\skk.tmp\.._gfx_imageconverter.svg)
04/28/17 20:55:11 : unsupported attribute fill-rule (\Nokia\devices\Nokia_Symbian3_SDK_v1.0\epoc32\build\s60\icons\temp\s5o.tmp\.._gfx_imageconverter.svg)
04/28/17 23:42:45 : unsupported attribute fill-rule (\Nokia\devices\Nokia_Symbian3_SDK_v1.0\epoc32\build\s60\icons\temp\s1hs.tmp\.._gfx_imageconverter.svg)
04/29/17 00:02:34 : unsupported attribute fill-rule (\Nokia\devices\Nokia_Symbian3_SDK_v1.0\epoc32\build\s60\icons\temp\s2hc.tmp\.._gfx_imageconverter.svg)
04/29/17 12:29:33 : unsupported attribute fill-rule (\Nokia\devices\Nokia_Symbian3_SDK_v1.0\epoc32\build\s60\icons\temp\soc.tmp\.._gfx_imageconverter.svg)
04/29/17 12:57:57 : unsupported attribute fill-rule (\Nokia\devices\Nokia_Symbian3_SDK_v1.0\epoc32\build\s60\icons\temp\s2r8.tmp\.._gfx_imageconverter.svg)
04/29/17 15:45:23 : unsupported attribute fill-rule (\Nokia\devices\Nokia_Symbian3_SDK_v1.0\epoc32\build\s60\icons\temp\s2oc.tmp\.._gfx_imageconverter.svg)
04/29/17 15:50:46 : unsupported attribute fill-rule (\Nokia\devices\Nokia_Symbian3_SDK_v1.0\epoc32\build\s60\icons\temp\s2l8.tmp\.._gfx_imageconverter.svg)
04/29/17 15:57:23 : unsupported attribute fill-rule (\Nokia\devices\Nokia_Symbian3_SDK_v1.0\epoc32\build\s60\icons\temp\s3co.tmp\.._gfx_imageconverter.svg)
04/29/17 16:08:31 : unsupported attribute fill-rule (\Nokia\devices\Nokia_Symbian3_SDK_v1.0\epoc32\build\s60\icons\temp\s2mg.tmp\.._gfx_imageconverter.svg)
04/29/17 16:21:04 : unsupported attribute fill-rule (\Nokia\devices\Nokia_Symbian3_SDK_v1.0\epoc32\build\s60\icons\temp\s3rg.tmp\.._gfx_imageconverter.svg)
04/29/17 17:29:22 : unsupported attribute fill-rule (\Nokia\devices\Nokia_Symbian3_SDK_v1.0\epoc32\build\s60\icons\temp\s340.tmp\.._gfx_imageconverter.svg)
04/29/17 18:03:08 : unsupported attribute fill-rule (\Nokia\devices\Nokia_Symbian3_SDK_v1.0\epoc32\build\s60\icons\temp\s1ts.tmp\.._gfx_imageconverter.svg)
05/01/17 18:49:56 : unsupported attribute fill-rule (\Nokia\devices\Nokia_Symbian3_SDK_v1.0\epoc32\build\s60\icons\temp\sic.tmp\.._gfx_imageconverter.svg)
05/01/17 18:51:58 : unsupported attribute fill-rule (\Nokia\devices\Nokia_Symbian3_SDK_v1.0\epoc32\build\s60\icons\temp\s3g0.tmp\.._gfx_imageconverter.svg)
05/01/17 18:57:51 : unsupported attribute fill-rule (\Nokia\devices\Nokia_Symbian3_SDK_v1.0\epoc32\build\s60\icons\temp\s3lg.tmp\.._gfx_imageconverter.svg)
05/01/17 18:59:50 : unsupported attribute fill-rule (\Nokia\devices\Nokia_Symbian3_SDK_v1.0\epoc32\build\s60\icons\temp\sus.tmp\.._gfx_imageconverter.svg)
05/01/17 19:20:32 : unsupported attribute fill-rule (\Nokia\devices\Nokia_Symbian3_SDK_v1.0\epoc32\build\s60\icons\temp\s3vg.tmp\.._gfx_imageconverter.svg)
05/01/17 19:35:31 : unsupported attribute fill-rule (\Nokia\devices\Nokia_Symbian3_SDK_v1.0\epoc32\build\s60\icons\temp\s2nc.tmp\.._gfx_imageconverter.svg)
05/01/17 19:39:22 : unsupported attribute fill-rule (\Nokia\devices\Nokia_Symbian3_SDK_v1.0\epoc32\build\s60\icons\temp\s2ik.tmp\.._gfx_imageconverter.svg)
05/01/17 20:14:22 : unsupported attribute fill-rule (\Nokia\devices\Nokia_Symbian3_SDK_v1.0\epoc32\build\s60\icons\temp\s2do.tmp\.._gfx_imageconverter.svg)
05/01/17 21:53:20 : unsupported attribute fill-rule (\Nokia\devices\Nokia_Symbian3_SDK_v1.0\epoc32\build\s60\icons\temp\s1ug.tmp\.._gfx_imageconverter.svg)
05/01/17 22:09:04 : unsupported attribute fill-rule (\Nokia\devices\Nokia_Symbian3_SDK_v1.0\epoc32\build\s60\icons\temp\s39o.tmp\.._gfx_imageconverter.svg)
05/01/17 22:15:15 : unsupported attribute fill-rule (\Nokia\devices\Nokia_Symbian3_SDK_v1.0\epoc32\build\s60\icons\temp\s34g.tmp\.._gfx_imageconverter.svg)
05/06/17 20:42:59 : unsupported attribute fill-rule (\Nokia\devices\Nokia_Symbian3_SDK_v1.0\epoc32\build\s60\icons\temp\s7dg.tmp\.._gfx_imageconverter.svg)
05/06/17 23:14:48 : unsupported attribute fill-rule (\Nokia\devices\Nokia_Symbian3_SDK_v1.0\epoc32\build\s60\icons\temp\sbf8.tmp\.._gfx_imageconverter.svg)
05/06/17 23:36:13 : unsupported attribute fill-rule (\Nokia\devices\Nokia_Symbian3_SDK_v1.0\epoc32\build\s60\icons\temp\scv4.tmp\.._gfx_imageconverter.svg)
05/07/17 00:12:01 : unsupported attribute fill-rule (\Nokia\devices\Nokia_Symbian3_SDK_v1.0\epoc32\build\s60\icons\temp\sdp0.tmp\.._gfx_imageconverter.svg)
05/07/17 00:26:09 : unsupported attribute fill-rule (\Nokia\devices\Nokia_Symbian3_SDK_v1.0\epoc32\build\s60\icons\temp\sd60.tmp\.._gfx_imageconverter.svg)
05/07/17 00:38:10 : unsupported attribute fill-rule (\Nokia\devices\Nokia_Symbian3_SDK_v1.0\epoc32\build\s60\icons\temp\sc7k.tmp\.._gfx_imageconverter.svg)
05/07/17 00:43:02 : unsupported attribute fill-rule (\Nokia\devices\Nokia_Symbian3_SDK_v1.0\epoc32\build\s60\icons\temp\sc9o.tmp\.._gfx_imageconverter.svg)
05/07/17 00:58:16 : unsupported attribute fill-rule (\Nokia\devices\Nokia_Symbian3_SDK_v1.0\epoc32\build\s60\icons\temp\scs4.tmp\.._gfx_imageconverter.svg)
05/07/17 01:43:22 : unsupported attribute fill-rule (\Nokia\devices\Nokia_Symbian3_SDK_v1.0\epoc32\build\s60\icons\temp\stcc.tmp\.._gfx_imageconverter.svg)
05/07/17 01:58:40 : unsupported attribute fill-rule (\Nokia\devices\Nokia_Symbian3_SDK_v1.0\epoc32\build\s60\icons\temp\stmc.tmp\.._gfx_imageconverter.svg)
05/07/17 12:09:26 : unsupported attribute fill-rule (\Nokia\devices\Nokia_Symbian3_SDK_v1.0\epoc32\build\s60\icons\temp\s7pg.tmp\.._gfx_imageconverter.svg)
05/07/17 12:14:50 : unsupported attribute fill-rule (\Nokia\devices\Nokia_Symbian3_SDK_v1.0\epoc32\build\s60\icons\temp\sbjo.tmp\.._gfx_imageconverter.svg)
05/17/17 17:27:37 : unsupported attribute fill-rule (\Nokia\devices\Nokia_Symbian3_SDK_v1.0\epoc32\build\s60\icons\temp\s7o.tmp\.._gfx_imageconverter.svg)
05/17/17 17:31:48 : unsupported attribute fill-rule (\Nokia\devices\Nokia_Symbian3_SDK_v1.0\epoc32\build\s60\icons\temp\s5g4.tmp\.._gfx_imageconverter.svg)
05/17/17 17:37:46 : unsupported attribute fill-rule (\Nokia\devices\Nokia_Symbian3_SDK_v1.0\epoc32\build\s60\icons\temp\s1lo.tmp\.._gfx_imageconverter.svg)
05/18/17 12:10:15 : unsupported attribute fill-rule (\Nokia\devices\Nokia_Symbian3_SDK_v1.0\epoc32\build\s60\icons\temp\sc08.tmp\.._gfx_imageconverter.svg)
05/18/17 12:15:01 : unsupported attribute fill-rule (\Nokia\devices\Nokia_Symbian3_SDK_v1.0\epoc32\build\s60\icons\temp\sd8c.tmp\.._gfx_imageconverter.svg)
05/19/17 01:17:17 : unsupported attribute fill-rule (\Nokia\devices\Nokia_Symbian3_SDK_v1.0\epoc32\build\s60\icons\temp\sa68.tmp\.._gfx_imageconverter.svg)
05/31/17 13:46:07 : unsupported attribute fill-rule (\Nokia\devices\Nokia_Symbian3_SDK_v1.0\epoc32\build\s60\icons\temp\s2lo.tmp\.._gfx_imageconverter.svg)
05/31/17 14:41:51 : unsupported attribute fill-rule (\Nokia\devices\Nokia_Symbian3_SDK_v1.0\epoc32\build\s60\icons\temp\s1n0.tmp\.._gfx_imageconverter.svg)
05/31/17 15:01:37 : unsupported attribute fill-rule (\Nokia\devices\Nokia_Symbian3_SDK_v1.0\epoc32\build\s60\icons\temp\s1oc.tmp\.._gfx_imageconverter.svg)
05/31/17 15:13:43 : unsupported attribute fill-rule (\Nokia\devices\Nokia_Symbian3_SDK_v1.0\epoc32\build\s60\icons\temp\s1vs.tmp\.._gfx_imageconverter.svg)
05/31/17 15:27:40 : unsupported attribute fill-rule (\Nokia\devices\Nokia_Symbian3_SDK_v1.0\epoc32\build\s60\icons\temp\s3ro.tmp\.._gfx_imageconverter.svg)
05/31/17 15:35:18 : unsupported attribute fill-rule (\Nokia\devices\Nokia_Symbian3_SDK_v1.0\epoc32\build\s60\icons\temp\sn0.tmp\.._gfx_imageconverter.svg)
05/31/17 19:06:44 : unsupported attribute fill-rule (\Nokia\devices\Nokia_Symbian3_SDK_v1.0\epoc32\build\s60\icons\temp\s268.tmp\.._gfx_imageconverter.svg)
06/05/17 23:18:40 : unsupported attribute fill-rule (\Nokia\devices\Nokia_Symbian3_SDK_v1.0\epoc32\build\s60\icons\temp\s1v8.tmp\.._gfx_imageconverter.svg)
06/06/17 15:04:48 : unsupported attribute fill-rule (\Nokia\devices\Nokia_Symbian3_SDK_v1.0\epoc32\build\s60\icons\temp\s3vg.tmp\.._gfx_imageconverter.svg)
06/06/17 22:22:50 : unsupported attribute fill-rule (\Nokia\devices\Nokia_Symbian3_SDK_v1.0\epoc32\build\s60\icons\temp\s1t8.tmp\.._gfx_imageconverter.svg)
06/06/17 23:04:41 : unsupported attribute fill-rule (\Nokia\devices\Nokia_Symbian3_SDK_v1.0\epoc32\build\s60\icons\temp\s5g.tmp\.._gfx_imageconverter.svg)
06/06/17 23:09:07 : unsupported attribute fill-rule (\Nokia\devices\Nokia_Symbian3_SDK_v1.0\epoc32\build\s60\icons\temp\s280.tmp\.._gfx_imageconverter.svg)
06/06/17 23:11:07 : unsupported attribute fill-rule (\Nokia\devices\Nokia_Symbian3_SDK_v1.0\epoc32\build\s60\icons\temp\s2sc.tmp\.._gfx_imageconverter.svg)
06/06/17 23:24:05 : unsupported attribute fill-rule (\Nokia\devices\Nokia_Symbian3_SDK_v1.0\epoc32\build\s60\icons\temp\s1kc.tmp\.._gfx_imageconverter.svg)
06/06/17 23:25:02 : unsupported attribute fill-rule (\Nokia\devices\Nokia_Symbian3_SDK_v1.0\epoc32\build\s60\icons\temp\s2oc.tmp\.._gfx_imageconverter.svg)
06/06/17 23:26:46 : unsupported attribute fill-rule (\Nokia\devices\Nokia_Symbian3_SDK_v1.0\epoc32\build\s60\icons\temp\s38g.tmp\.._gfx_imageconverter.svg)
06/06/17 23:27:57 : unsupported attribute fill-rule (\Nokia\devices\Nokia_Symbian3_SDK_v1.0\epoc32\build\s60\icons\temp\s3o8.tmp\.._gfx_imageconverter.svg)
06/06/17 23:30:19 : unsupported attribute fill-rule (\Nokia\devices\Nokia_Symbian3_SDK_v1.0\epoc32\build\s60\icons\temp\s2i8.tmp\.._gfx_imageconverter.svg)
06/06/17 23:32:01 : unsupported attribute fill-rule (\Nokia\devices\Nokia_Symbian3_SDK_v1.0\epoc32\build\s60\icons\temp\src.tmp\.._gfx_imageconverter.svg)
06/06/17 23:40:01 : unsupported attribute fill-rule (\Nokia\devices\Nokia_Symbian3_SDK_v1.0\epoc32\build\s60\icons\temp\s2ek.tmp\.._gfx_imageconverter.svg)
06/06/17 23:48:33 : unsupported attribute fill-rule (\Nokia\devices\Nokia_Symbian3_SDK_v1.0\epoc32\build\s60\icons\temp\s38o.tmp\.._gfx_imageconverter.svg)
06/06/17 23:50:54 : unsupported attribute fill-rule (\Nokia\devices\Nokia_Symbian3_SDK_v1.0\epoc32\build\s60\icons\temp\s3go.tmp\.._gfx_imageconverter.svg)
06/06/17 23:58:21 : unsupported attribute fill-rule (\Nokia\devices\Nokia_Symbian3_SDK_v1.0\epoc32\build\s60\icons\temp\s3s4.tmp\.._gfx_imageconverter.svg)
06/07/17 00:03:23 : unsupported attribute fill-rule (\Nokia\devices\Nokia_Symbian3_SDK_v1.0\epoc32\build\s60\icons\temp\s368.tmp\.._gfx_imageconverter.svg)
06/07/17 23:58:57 : unsupported attribute fill-rule (\Nokia\devices\Nokia_Symbian3_SDK_v1.0\epoc32\build\s60\icons\temp\s2mo.tmp\.._gfx_imageconverter.svg)
06/08/17 00:06:40 : unsupported attribute fill-rule (\Nokia\devices\Nokia_Symbian3_SDK_v1.0\epoc32\build\s60\icons\temp\s2vc.tmp\.._gfx_imageconverter.svg)
06/08/17 00:49:53 : unsupported attribute fill-rule (\Nokia\devices\Nokia_Symbian3_SDK_v1.0\epoc32\build\s60\icons\temp\s2mk.tmp\.._gfx_imageconverter.svg)
06/09/17 00:34:55 : unsupported attribute fill-rule (\Nokia\devices\Nokia_Symbian3_SDK_v1.0\epoc32\build\s60\icons\temp\s3eg.tmp\.._gfx_imageconverter.svg)
06/09/17 22:58:22 : unsupported attribute fill-rule (\Nokia\devices\Nokia_Symbian3_SDK_v1.0\epoc32\build\s60\icons\temp\s3g0.tmp\.._gfx_imageconverter.svg)
06/10/17 22:25:47 : unsupported attribute fill-rule (\Nokia\devices\Nokia_Symbian3_SDK_v1.0\epoc32\build\s60\icons\temp\s2bs.tmp\.._gfx_imageconverter.svg)
06/15/17 18:21:00 : unsupported attribute fill-rule (\Nokia\devices\Nokia_Symbian3_SDK_v1.0\epoc32\build\s60\icons\temp\s2gc.tmp\.._gfx_imageconverter.svg)
06/16/17 00:47:54 : unsupported attribute fill-rule (\Nokia\devices\Nokia_Symbian3_SDK_v1.0\epoc32\build\s60\icons\temp\s3jo.tmp\.._gfx_imageconverter.svg)
06/19/17 14:48:06 : unsupported attribute fill-rule (\Nokia\devices\Nokia_Symbian3_SDK_v1.0\epoc32\build\s60\icons\temp\s2j8.tmp\.._gfx_imageconverter.svg)
06/20/17 14:34:57 : unsupported attribute fill-rule (\Nokia\devices\Nokia_Symbian3_SDK_v1.0\epoc32\build\s60\icons\temp\sc0.tmp\.._gfx_imageconverter.svg)
06/20/17 17:52:35 : unsupported attribute fill-rule (\Nokia\devices\Nokia_Symbian3_SDK_v1.0\epoc32\build\s60\icons\temp\s2fo.tmp\.._gfx_imageconverter.svg)
06/21/17 16:49:42 : unsupported attribute fill-rule (\Nokia\devices\Nokia_Symbian3_SDK_v1.0\epoc32\build\s60\icons\temp\seo.tmp\.._gfx_imageconverter.svg)
06/23/17 12:39:18 : unsupported attribute fill-rule (\Nokia\devices\Nokia_Symbian3_SDK_v1.0\epoc32\build\s60\icons\temp\s188.tmp\.._gfx_imageconverter.svg)
06/25/17 11:09:47 : unsupported attribute fill-rule (\Nokia\devices\Nokia_Symbian3_SDK_v1.0\epoc32\build\s60\icons\temp\s2b8.tmp\.._gfx_imageconverter.svg)
06/30/17 11:32:03 : unsupported attribute fill-rule (\Nokia\devices\Nokia_Symbian3_SDK_v1.0\epoc32\build\s60\icons\temp\s2ko.tmp\.._gfx_imageconverter.svg)
07/05/17 00:19:14 : unsupported attribute fill-rule (\Nokia\devices\Nokia_Symbian3_SDK_v1.0\epoc32\build\s60\icons\temp\s3lk.tmp\.._gfx_imageconverter.svg)
07/05/17 00:21:15 : unsupported attribute fill-rule (\Nokia\devices\Nokia_Symbian3_SDK_v1.0\epoc32\build\s60\icons\temp\s21s.tmp\.._gfx_imageconverter.svg)
07/05/17 14:43:58 : unsupported attribute fill-rule (\Nokia\devices\Nokia_Symbian3_SDK_v1.0\epoc32\build\s60\icons\temp\s3mc.tmp\.._gfx_imageconverter.svg)
07/05/17 14:45:48 : unsupported attribute fill-rule (\Nokia\devices\Nokia_Symbian3_SDK_v1.0\epoc32\build\s60\icons\temp\s2e8.tmp\.._gfx_imageconverter.svg)
07/05/17 14:46:59 : unsupported attribute fill-rule (\Nokia\devices\Nokia_Symbian3_SDK_v1.0\epoc32\build\s60\icons\temp\s21k.tmp\.._gfx_imageconverter.svg)
07/05/17 23:48:13 : unsupported attribute fill-rule (\Nokia\devices\Nokia_Symbian3_SDK_v1.0\epoc32\build\s60\icons\temp\s3r8.tmp\.._gfx_imageconverter.svg)
07/07/17 20:43:51 : unsupported attribute fill-rule (\Nokia\devices\Nokia_Symbian3_SDK_v1.0\epoc32\build\s60\icons\temp\s1ug.tmp\.._gfx_imageconverter.svg)
07/07/17 20:46:38 : unsupported attribute fill-rule (\Nokia\devices\Nokia_Symbian3_SDK_v1.0\epoc32\build\s60\icons\temp\s3j8.tmp\.._gfx_imageconverter.svg)
07/07/17 20:49:12 : unsupported attribute fill-rule (\Nokia\devices\Nokia_Symbian3_SDK_v1.0\epoc32\build\s60\icons\temp\s33o.tmp\.._gfx_imageconverter.svg)
07/07/17 20:51:21 : unsupported attribute fill-rule (\Nokia\devices\Nokia_Symbian3_SDK_v1.0\epoc32\build\s60\icons\temp\s21o.tmp\.._gfx_imageconverter.svg)
07/07/17 20:57:42 : unsupported attribute fill-rule (\Nokia\devices\Nokia_Symbian3_SDK_v1.0\epoc32\build\s60\icons\temp\s188.tmp\.._gfx_imageconverter.svg)
07/07/17 20:59:34 : unsupported attribute fill-rule (\Nokia\devices\Nokia_Symbian3_SDK_v1.0\epoc32\build\s60\icons\temp\s3vc.tmp\.._gfx_imageconverter.svg)
07/07/17 21:02:10 : unsupported attribute fill-rule (\Nokia\devices\Nokia_Symbian3_SDK_v1.0\epoc32\build\s60\icons\temp\s2fc.tmp\.._gfx_imageconverter.svg)
07/11/17 19:32:29 : unsupported attribute fill-rule (\Nokia\devices\Nokia_Symbian3_SDK_v1.0\epoc32\build\s60\icons\temp\sp4.tmp\.._gfx_imageconverter.svg)
07/13/17 16:07:29 : unsupported attribute fill-rule (\Nokia\devices\Nokia_Symbian3_SDK_v1.0\epoc32\build\s60\icons\temp\s6g.tmp\.._gfx_imageconverter.svg)
07/21/17 11:46:45 : unsupported attribute fill-rule (\Nokia\devices\Nokia_Symbian3_SDK_v1.0\epoc32\build\s60\icons\temp\s2fg.tmp\.._gfx_imageconverter.svg)
07/21/17 15:32:46 : unsupported attribute fill-rule (\Nokia\devices\Nokia_Symbian3_SDK_v1.0\epoc32\build\s60\icons\temp\s32c.tmp\.._gfx_imageconverter.svg)
07/21/17 23:15:09 : unsupported attribute fill-rule (\Nokia\devices\Nokia_Symbian3_SDK_v1.0\epoc32\build\s60\icons\temp\s3kk.tmp\.._gfx_imageconverter.svg)
08/08/17 12:20:56 : unsupported attribute fill-rule (\Nokia\devices\Nokia_Symbian3_SDK_v1.0\epoc32\build\s60\icons\temp\s2i4.tmp\.._gfx_imageconverter.svg)
08/09/17 10:18:59 : unsupported attribute fill-rule (\Nokia\devices\Nokia_Symbian3_SDK_v1.0\epoc32\build\s60\icons\temp\s3t0.tmp\.._gfx_imageconverter.svg)
08/09/17 16:54:02 : unsupported attribute fill-rule (\Nokia\devices\Nokia_Symbian3_SDK_v1.0\epoc32\build\s60\icons\temp\s2p4.tmp\.._gfx_imageconverter.svg)
08/10/17 15:33:30 : unsupported attribute fill-rule (\Nokia\devices\Nokia_Symbian3_SDK_v1.0\epoc32\build\s60\icons\temp\s1s4.tmp\.._gfx_imageconverter.svg)
08/10/17 15:42:59 : unsupported attribute fill-rule (\Nokia\devices\Nokia_Symbian3_SDK_v1.0\epoc32\build\s60\icons\temp\s280.tmp\.._gfx_imageconverter.svg)
08/10/17 15:48:42 : unsupported attribute fill-rule (\Nokia\devices\Nokia_Symbian3_SDK_v1.0\epoc32\build\s60\icons\temp\s278.tmp\.._gfx_imageconverter.svg)
08/10/17 15:49:48 : unsupported attribute fill-rule (\Nokia\devices\Nokia_Symbian3_SDK_v1.0\epoc32\build\s60\icons\temp\s3a0.tmp\.._gfx_imageconverter.svg)
08/10/17 15:53:53 : unsupported attribute fill-rule (\Nokia\devices\Nokia_Symbian3_SDK_v1.0\epoc32\build\s60\icons\temp\seg.tmp\.._gfx_imageconverter.svg)
08/15/17 15:58:47 : unsupported attribute fill-rule (\Nokia\devices\Nokia_Symbian3_SDK_v1.0\epoc32\build\s60\icons\temp\s5c.tmp\.._gfx_imageconverter.svg)
08/15/17 17:09:18 : unsupported attribute fill-rule (\Nokia\devices\Nokia_Symbian3_SDK_v1.0\epoc32\build\s60\icons\temp\s3b4.tmp\.._gfx_imageconverter.svg)
08/15/17 17:12:56 : unsupported attribute fill-rule (\Nokia\devices\Nokia_Symbian3_SDK_v1.0\epoc32\build\s60\icons\temp\s2sg.tmp\.._gfx_imageconverter.svg)
08/17/17 19:09:10 : unsupported attribute fill-rule (\Nokia\devices\Nokia_Symbian3_SDK_v1.0\epoc32\build\s60\icons\temp\s3cs.tmp\.._gfx_imageconverter.svg)
08/17/17 23:13:19 : unsupported attribute fill-rule (\Nokia\devices\Nokia_Symbian3_SDK_v1.0\epoc32\build\s60\icons\temp\s3nk.tmp\.._gfx_imageconverter.svg)
08/18/17 11:15:19 : unsupported attribute fill-rule (\Nokia\devices\Nokia_Symbian3_SDK_v1.0\epoc32\build\s60\icons\temp\s3dg.tmp\.._gfx_imageconverter.svg)
08/18/17 11:19:20 : unsupported attribute fill-rule (\Nokia\devices\Nokia_Symbian3_SDK_v1.0\epoc32\build\s60\icons\temp\s3hc.tmp\.._gfx_imageconverter.svg)
08/18/17 11:22:09 : unsupported attribute fill-rule (\Nokia\devices\Nokia_Symbian3_SDK_v1.0\epoc32\build\s60\icons\temp\s33o.tmp\.._gfx_imageconverter.svg)
08/18/17 11:24:04 : unsupported attribute fill-rule (\Nokia\devices\Nokia_Symbian3_SDK_v1.0\epoc32\build\s60\icons\temp\s22g.tmp\.._gfx_imageconverter.svg)
08/18/17 11:26:59 : unsupported attribute fill-rule (\Nokia\devices\Nokia_Symbian3_SDK_v1.0\epoc32\build\s60\icons\temp\s2q4.tmp\.._gfx_imageconverter.svg)
08/18/17 11:40:03 : unsupported attribute fill-rule (\Nokia\devices\Nokia_Symbian3_SDK_v1.0\epoc32\build\s60\icons\temp\s3m4.tmp\.._gfx_imageconverter.svg)
08/18/17 11:42:11 : unsupported attribute fill-rule (\Nokia\devices\Nokia_Symbian3_SDK_v1.0\epoc32\build\s60\icons\temp\s2ds.tmp\.._gfx_imageconverter.svg)
08/18/17 11:44:03 : unsupported attribute fill-rule (\Nokia\devices\Nokia_Symbian3_SDK_v1.0\epoc32\build\s60\icons\temp\s33g.tmp\.._gfx_imageconverter.svg)
08/18/17 11:51:26 : unsupported attribute fill-rule (\Nokia\devices\Nokia_Symbian3_SDK_v1.0\epoc32\build\s60\icons\temp\s3a8.tmp\.._gfx_imageconverter.svg)
08/18/17 12:34:22 : unsupported attribute fill-rule (\Nokia\devices\Nokia_Symbian3_SDK_v1.0\epoc32\build\s60\icons\temp\s2kc.tmp\.._gfx_imageconverter.svg)
08/18/17 17:09:30 : unsupported attribute fill-rule (\Nokia\devices\Nokia_Symbian3_SDK_v1.0\epoc32\build\s60\icons\temp\s2l0.tmp\.._gfx_imageconverter.svg)
08/18/17 19:58:01 : unsupported attribute fill-rule (\Nokia\devices\Nokia_Symbian3_SDK_v1.0\epoc32\build\s60\icons\temp\s9k.tmp\.._gfx_imageconverter.svg)
08/18/17 20:07:37 : unsupported attribute fill-rule (\Nokia\devices\Nokia_Symbian3_SDK_v1.0\epoc32\build\s60\icons\temp\s3ks.tmp\.._gfx_imageconverter.svg)
08/18/17 20:13:07 : unsupported attribute fill-rule (\Nokia\devices\Nokia_Symbian3_SDK_v1.0\epoc32\build\s60\icons\temp\s1bk.tmp\.._gfx_imageconverter.svg)
08/19/17 13:21:39 : unsupported attribute fill-rule (\Nokia\devices\Nokia_Symbian3_SDK_v1.0\epoc32\build\s60\icons\temp\s1ag.tmp\.._gfx_imageconverter.svg)
08/22/17 22:32:39 : unsupported attribute fill-rule (\Nokia\devices\Nokia_Symbian3_SDK_v1.0\epoc32\build\s60\icons\temp\s1d8.tmp\.._gfx_imageconverter.svg)
08/22/17 22:35:30 : unsupported attribute fill-rule (\Nokia\devices\Nokia_Symbian3_SDK_v1.0\epoc32\build\s60\icons\temp\s3fo.tmp\.._gfx_imageconverter.svg)
08/22/17 22:36:25 : unsupported attribute fill-rule (\Nokia\devices\Nokia_Symbian3_SDK_v1.0\epoc32\build\s60\icons\temp\s30o.tmp\.._gfx_imageconverter.svg)
08/22/17 22:46:58 : unsupported attribute fill-rule (\Nokia\devices\Nokia_Symbian3_SDK_v1.0\epoc32\build\s60\icons\temp\s3t0.tmp\.._gfx_imageconverter.svg)
08/24/17 13:30:47 : unsupported attribute fill-rule (\Nokia\devices\Nokia_Symbian3_SDK_v1.0\epoc32\build\s60\icons\temp\s6k.tmp\.._gfx_imageconverter.svg)
08/24/17 13:33:28 : unsupported attribute fill-rule (\Nokia\devices\Nokia_Symbian3_SDK_v1.0\epoc32\build\s60\icons\temp\s5s.tmp\.._gfx_imageconverter.svg)
08/24/17 13:34:39 : unsupported attribute fill-rule (\Nokia\devices\Nokia_Symbian3_SDK_v1.0\epoc32\build\s60\icons\temp\s218.tmp\.._gfx_imageconverter.svg)
08/24/17 13:35:35 : unsupported attribute fill-rule (\Nokia\devices\Nokia_Symbian3_SDK_v1.0\epoc32\build\s60\icons\temp\s3bk.tmp\.._gfx_imageconverter.svg)
08/24/17 19:57:45 : unsupported attribute fill-rule (\Nokia\devices\Nokia_Symbian3_SDK_v1.0\epoc32\build\s60\icons\temp\s8o.tmp\.._gfx_imageconverter.svg)
08/24/17 19:59:11 : unsupported attribute fill-rule (\Nokia\devices\Nokia_Symbian3_SDK_v1.0\epoc32\build\s60\icons\temp\s3ig.tmp\.._gfx_imageconverter.svg)
08/24/17 19:59:46 : unsupported attribute fill-rule (\Nokia\devices\Nokia_Symbian3_SDK_v1.0\epoc32\build\s60\icons\temp\s38s.tmp\.._gfx_imageconverter.svg)
08/24/17 20:01:27 : unsupported attribute fill-rule (\Nokia\devices\Nokia_Symbian3_SDK_v1.0\epoc32\build\s60\icons\temp\s2f4.tmp\.._gfx_imageconverter.svg)
08/24/17 20:02:12 : unsupported attribute fill-rule (\Nokia\devices\Nokia_Symbian3_SDK_v1.0\epoc32\build\s60\icons\temp\s2eg.tmp\.._gfx_imageconverter.svg)
08/24/17 20:03:40 : unsupported attribute fill-rule (\Nokia\devices\Nokia_Symbian3_SDK_v1.0\epoc32\build\s60\icons\temp\s1fg.tmp\.._gfx_imageconverter.svg)
08/24/17 20:05:42 : unsupported attribute fill-rule (\Nokia\devices\Nokia_Symbian3_SDK_v1.0\epoc32\build\s60\icons\temp\s2q8.tmp\.._gfx_imageconverter.svg)
08/24/17 20:07:33 : unsupported attribute fill-rule (\Nokia\devices\Nokia_Symbian3_SDK_v1.0\epoc32\build\s60\icons\temp\s2ss.tmp\.._gfx_imageconverter.svg)
08/24/17 20:26:23 : unsupported attribute fill-rule (\Nokia\devices\Nokia_Symbian3_SDK_v1.0\epoc32\build\s60\icons\temp\s27c.tmp\.._gfx_imageconverter.svg)
08/24/17 20:30:28 : unsupported attribute fill-rule (\Nokia\devices\Nokia_Symbian3_SDK_v1.0\epoc32\build\s60\icons\temp\s364.tmp\.._gfx_imageconverter.svg)
08/24/17 20:32:44 : unsupported attribute fill-rule (\Nokia\devices\Nokia_Symbian3_SDK_v1.0\epoc32\build\s60\icons\temp\s33o.tmp\.._gfx_imageconverter.svg)
08/24/17 20:34:08 : unsupported attribute fill-rule (\Nokia\devices\Nokia_Symbian3_SDK_v1.0\epoc32\build\s60\icons\temp\s20g.tmp\.._gfx_imageconverter.svg)
08/24/17 20:36:32 : unsupported attribute fill-rule (\Nokia\devices\Nokia_Symbian3_SDK_v1.0\epoc32\build\s60\icons\temp\s1po.tmp\.._gfx_imageconverter.svg)
08/24/17 21:24:55 : unsupported attribute fill-rule (\Nokia\devices\Nokia_Symbian3_SDK_v1.0\epoc32\build\s60\icons\temp\s7c.tmp\.._gfx_imageconverter.svg)
08/24/17 21:42:09 : unsupported attribute fill-rule (\Nokia\devices\Nokia_Symbian3_SDK_v1.0\epoc32\build\s60\icons\temp\s3f0.tmp\.._gfx_imageconverter.svg)
08/24/17 21:53:41 : unsupported attribute fill-rule (\Nokia\devices\Nokia_Symbian3_SDK_v1.0\epoc32\build\s60\icons\temp\sns.tmp\.._gfx_imageconverter.svg)
08/24/17 22:03:19 : unsupported attribute fill-rule (\Nokia\devices\Nokia_Symbian3_SDK_v1.0\epoc32\build\s60\icons\temp\s134.tmp\.._gfx_imageconverter.svg)
08/24/17 22:17:39 : unsupported attribute fill-rule (\Nokia\devices\Nokia_Symbian3_SDK_v1.0\epoc32\build\s60\icons\temp\s1nk.tmp\.._gfx_imageconverter.svg)
08/24/17 22:48:49 : unsupported attribute fill-rule (\Nokia\devices\Nokia_Symbian3_SDK_v1.0\epoc32\build\s60\icons\temp\s3go.tmp\.._gfx_imageconverter.svg)
08/24/17 23:10:09 : unsupported attribute fill-rule (\Nokia\devices\Nokia_Symbian3_SDK_v1.0\epoc32\build\s60\icons\temp\s3oo.tmp\.._gfx_imageconverter.svg)
08/24/17 23:21:11 : unsupported attribute fill-rule (\Nokia\devices\Nokia_Symbian3_SDK_v1.0\epoc32\build\s60\icons\temp\s32k.tmp\.._gfx_imageconverter.svg)
08/24/17 23:24:12 : unsupported attribute fill-rule (\Nokia\devices\Nokia_Symbian3_SDK_v1.0\epoc32\build\s60\icons\temp\s2jo.tmp\.._gfx_imageconverter.svg)
08/24/17 23:43:25 : unsupported attribute fill-rule (\Nokia\devices\Nokia_Symbian3_SDK_v1.0\epoc32\build\s60\icons\temp\s2jk.tmp\.._gfx_imageconverter.svg)
08/24/17 23:51:19 : unsupported attribute fill-rule (\Nokia\devices\Nokia_Symbian3_SDK_v1.0\epoc32\build\s60\icons\temp\s184.tmp\.._gfx_imageconverter.svg)
08/24/17 23:54:14 : unsupported attribute fill-rule (\Nokia\devices\Nokia_Symbian3_SDK_v1.0\epoc32\build\s60\icons\temp\s1qk.tmp\.._gfx_imageconverter.svg)
08/25/17 00:01:35 : unsupported attribute fill-rule (\Nokia\devices\Nokia_Symbian3_SDK_v1.0\epoc32\build\s60\icons\temp\s230.tmp\.._gfx_imageconverter.svg)
08/25/17 23:54:00 : unsupported attribute fill-rule (\Nokia\devices\Nokia_Symbian3_SDK_v1.0\epoc32\build\s60\icons\temp\s3p8.tmp\.._gfx_imageconverter.svg)
08/25/17 23:58:09 : unsupported attribute fill-rule (\Nokia\devices\Nokia_Symbian3_SDK_v1.0\epoc32\build\s60\icons\temp\s3ik.tmp\.._gfx_imageconverter.svg)
08/26/17 11:33:24 : unsupported attribute fill-rule (\Nokia\devices\Nokia_Symbian3_SDK_v1.0\epoc32\build\s60\icons\temp\s1f0.tmp\.._gfx_imageconverter.svg)
08/26/17 12:17:42 : unsupported attribute fill-rule (\Nokia\devices\Nokia_Symbian3_SDK_v1.0\epoc32\build\s60\icons\temp\svo.tmp\.._gfx_imageconverter.svg)
08/26/17 12:48:40 : unsupported attribute fill-rule (\Nokia\devices\Nokia_Symbian3_SDK_v1.0\epoc32\build\s60\icons\temp\su8.tmp\.._gfx_imageconverter.svg)
08/26/17 12:58:09 : unsupported attribute fill-rule (\Nokia\devices\Nokia_Symbian3_SDK_v1.0\epoc32\build\s60\icons\temp\s6s.tmp\.._gfx_imageconverter.svg)
08/26/17 13:07:49 : unsupported attribute fill-rule (\Nokia\devices\Nokia_Symbian3_SDK_v1.0\epoc32\build\s60\icons\temp\s3c4.tmp\.._gfx_imageconverter.svg)
08/26/17 14:35:02 : unsupported attribute fill-rule (\Nokia\devices\Nokia_Symbian3_SDK_v1.0\epoc32\build\s60\icons\temp\s3nk.tmp\.._gfx_imageconverter.svg)
08/26/17 14:40:59 : unsupported attribute fill-rule (\Nokia\devices\Nokia_Symbian3_SDK_v1.0\epoc32\build\s60\icons\temp\s37g.tmp\.._gfx_imageconverter.svg)
08/26/17 14:43:16 : unsupported attribute fill-rule (\Nokia\devices\Nokia_Symbian3_SDK_v1.0\epoc32\build\s60\icons\temp\s214.tmp\.._gfx_imageconverter.svg)
08/26/17 16:11:39 : unsupported attribute fill-rule (\Nokia\devices\Nokia_Symbian3_SDK_v1.0\epoc32\build\s60\icons\temp\sp4.tmp\.._gfx_imageconverter.svg)
08/26/17 16:35:37 : unsupported attribute fill-rule (\Nokia\devices\Nokia_Symbian3_SDK_v1.0\epoc32\build\s60\icons\temp\s328.tmp\.._gfx_imageconverter.svg)
08/26/17 16:38:08 : unsupported attribute fill-rule (\Nokia\devices\Nokia_Symbian3_SDK_v1.0\epoc32\build\s60\icons\temp\s1kg.tmp\.._gfx_imageconverter.svg)
08/26/17 16:47:42 : unsupported attribute fill-rule (\Nokia\devices\Nokia_Symbian3_SDK_v1.0\epoc32\build\s60\icons\temp\s1pg.tmp\.._gfx_imageconverter.svg)
08/26/17 17:54:10 : unsupported attribute fill-rule (\Nokia\devices\Nokia_Symbian3_SDK_v1.0\epoc32\build\s60\icons\temp\s3sk.tmp\.._gfx_imageconverter.svg)
08/26/17 18:03:46 : unsupported attribute fill-rule (\Nokia\devices\Nokia_Symbian3_SDK_v1.0\epoc32\build\s60\icons\temp\s3n8.tmp\.._gfx_imageconverter.svg)
08/26/17 18:06:36 : unsupported attribute fill-rule (\Nokia\devices\Nokia_Symbian3_SDK_v1.0\epoc32\build\s60\icons\temp\s2oo.tmp\.._gfx_imageconverter.svg)
08/26/17 18:14:19 : unsupported attribute fill-rule (\Nokia\devices\Nokia_Symbian3_SDK_v1.0\epoc32\build\s60\icons\temp\s23s.tmp\.._gfx_imageconverter.svg)
08/26/17 23:34:35 : unsupported attribute fill-rule (\Nokia\devices\Nokia_Symbian3_SDK_v1.0\epoc32\build\s60\icons\temp\s17o.tmp\.._gfx_imageconverter.svg)
08/26/17 23:53:54 : unsupported attribute fill-rule (\Nokia\devices\Nokia_Symbian3_SDK_v1.0\epoc32\build\s60\icons\temp\s2dk.tmp\.._gfx_imageconverter.svg)
08/27/17 12:49:51 : unsupported attribute fill-rule (\Nokia\devices\Nokia_Symbian3_SDK_v1.0\epoc32\build\s60\icons\temp\s2fs.tmp\.._gfx_imageconverter.svg)
08/27/17 14:39:03 : unsupported attribute fill-rule (\Nokia\devices\Nokia_Symbian3_SDK_v1.0\epoc32\build\s60\icons\temp\s3o0.tmp\.._gfx_imageconverter.svg)
08/27/17 14:44:27 : unsupported attribute fill-rule (\Nokia\devices\Nokia_Symbian3_SDK_v1.0\epoc32\build\s60\icons\temp\s3vk.tmp\.._gfx_imageconverter.svg)
08/27/17 15:23:43 : unsupported attribute fill-rule (\Nokia\devices\Nokia_Symbian3_SDK_v1.0\epoc32\build\s60\icons\temp\s3i0.tmp\.._gfx_imageconverter.svg)
08/27/17 22:52:05 : unsupported attribute fill-rule (\Nokia\devices\Nokia_Symbian3_SDK_v1.0\epoc32\build\s60\icons\temp\s2bc.tmp\.._gfx_imageconverter.svg)
09/10/17 10:30:41 : unsupported attribute fill-rule (\Nokia\devices\Nokia_Symbian3_SDK_v1.0\epoc32\build\s60\icons\temp\s1pk.tmp\.._gfx_imageconverter.svg)
09/10/17 10:33:49 : unsupported attribute fill-rule (\Nokia\devices\Nokia_Symbian3_SDK_v1.0\epoc32\build\s60\icons\temp\s2mg.tmp\.._gfx_imageconverter.svg)
09/10/17 10:36:53 : unsupported attribute fill-rule (\Nokia\devices\Nokia_Symbian3_SDK_v1.0\epoc32\build\s60\icons\temp\s3j8.tmp\.._gfx_imageconverter.svg)
09/12/17 00:23:20 : unsupported attribute fill-rule (\Nokia\devices\Nokia_Symbian3_SDK_v1.0\epoc32\build\s60\icons\temp\s2m4.tmp\.._gfx_imageconverter.svg)
09/28/17 22:23:13 : unsupported attribute fill-rule (\Nokia\devices\Nokia_Symbian3_SDK_v1.0\epoc32\build\s60\icons\temp\s3gg.tmp\.._gfx_imageconverter.svg)
09/28/17 22:27:27 : unsupported attribute fill-rule (\Nokia\devices\Nokia_Symbian3_SDK_v1.0\epoc32\build\s60\icons\temp\s2rs.tmp\.._gfx_imageconverter.svg)
09/28/17 23:24:22 : unsupported attribute fill-rule (\Nokia\devices\Nokia_Symbian3_SDK_v1.0\epoc32\build\s60\icons\temp\s9k.tmp\.._gfx_imageconverter.svg)
09/28/17 23:26:39 : unsupported attribute fill-rule (\Nokia\devices\Nokia_Symbian3_SDK_v1.0\epoc32\build\s60\icons\temp\s3f8.tmp\.._gfx_imageconverter.svg)
09/28/17 23:28:11 : unsupported attribute fill-rule (\Nokia\devices\Nokia_Symbian3_SDK_v1.0\epoc32\build\s60\icons\temp\s3gg.tmp\.._gfx_imageconverter.svg)
10/03/17 12:56:33 : unsupported attribute fill-rule (\Nokia\devices\Nokia_Symbian3_SDK_v1.0\epoc32\build\s60\icons\temp\s2j4.tmp\.._gfx_imageconverter.svg)
10/04/17 11:49:01 : unsupported attribute fill-rule (\Nokia\devices\Nokia_Symbian3_SDK_v1.0\epoc32\build\s60\icons\temp\s9k.tmp\.._gfx_imageconverter.svg)
10/04/17 15:21:21 : unsupported attribute fill-rule (\Nokia\devices\Nokia_Symbian3_SDK_v1.0\epoc32\build\s60\icons\temp\s3cs.tmp\.._gfx_imageconverter.svg)
10/11/17 23:17:05 : unsupported attribute fill-rule (\Nokia\devices\Nokia_Symbian3_SDK_v1.0\epoc32\build\s60\icons\temp\s3hg.tmp\.._gfx_imageconverter.svg)
11/15/17 21:52:10 : unsupported attribute fill-rule (\Nokia\devices\Nokia_Symbian3_SDK_v1.0\epoc32\build\s60\icons\temp\s3as.tmp\.._gfx_imageconverter.svg)
11/15/17 21:56:29 : unsupported attribute fill-rule (\Nokia\devices\Nokia_Symbian3_SDK_v1.0\epoc32\build\s60\icons\temp\s3js.tmp\.._gfx_imageconverter.svg)
11/15/17 22:10:35 : unsupported attribute fill-rule (\Nokia\devices\Nokia_Symbian3_SDK_v1.0\epoc32\build\s60\icons\temp\s2qc.tmp\.._gfx_imageconverter.svg)
11/16/17 18:26:07 : unsupported attribute fill-rule (\Nokia\devices\Nokia_Symbian3_SDK_v1.0\epoc32\build\s60\icons\temp\s3a4.tmp\.._gfx_imageconverter.svg)
11/16/17 18:33:10 : unsupported attribute fill-rule (\Nokia\devices\Nokia_Symbian3_SDK_v1.0\epoc32\build\s60\icons\temp\s2mg.tmp\.._gfx_imageconverter.svg)
11/16/17 18:34:38 : unsupported attribute fill-rule (\Nokia\devices\Nokia_Symbian3_SDK_v1.0\epoc32\build\s60\icons\temp\sg0.tmp\.._gfx_imageconverter.svg)
11/16/17 18:40:21 : unsupported attribute fill-rule (\Nokia\devices\Nokia_Symbian3_SDK_v1.0\epoc32\build\s60\icons\temp\s2u4.tmp\.._gfx_imageconverter.svg)
11/16/17 18:43:12 : unsupported attribute fill-rule (\Nokia\devices\Nokia_Symbian3_SDK_v1.0\epoc32\build\s60\icons\temp\s3ao.tmp\.._gfx_imageconverter.svg)
11/16/17 19:03:45 : unsupported attribute fill-rule (\Nokia\devices\Nokia_Symbian3_SDK_v1.0\epoc32\build\s60\icons\temp\sj0.tmp\.._gfx_imageconverter.svg)
11/16/17 19:12:36 : unsupported attribute fill-rule (\Nokia\devices\Nokia_Symbian3_SDK_v1.0\epoc32\build\s60\icons\temp\svg.tmp\.._gfx_imageconverter.svg)
11/17/17 20:04:35 : unsupported attribute fill-rule (\Nokia\devices\Nokia_Symbian3_SDK_v1.0\epoc32\build\s60\icons\temp\s174.tmp\.._gfx_imageconverter.svg)
11/17/17 20:11:04 : unsupported attribute fill-rule (\Nokia\devices\Nokia_Symbian3_SDK_v1.0\epoc32\build\s60\icons\temp\sps.tmp\.._gfx_imageconverter.svg)
11/17/17 20:50:06 : unsupported attribute fill-rule (\Nokia\devices\Nokia_Symbian3_SDK_v1.0\epoc32\build\s60\icons\temp\s1u8.tmp\.._gfx_imageconverter.svg)
11/17/17 20:57:07 : unsupported attribute fill-rule (\Nokia\devices\Nokia_Symbian3_SDK_v1.0\epoc32\build\s60\icons\temp\s2mk.tmp\.._gfx_imageconverter.svg)
11/17/17 21:04:13 : unsupported attribute fill-rule (\Nokia\devices\Nokia_Symbian3_SDK_v1.0\epoc32\build\s60\icons\temp\s3p4.tmp\.._gfx_imageconverter.svg)
11/19/17 17:31:04 : unsupported attribute fill-rule (\Nokia\devices\Nokia_Symbian3_SDK_v1.0\epoc32\build\s60\icons\temp\s2f8.tmp\.._gfx_imageconverter.svg)
11/19/17 23:48:07 : unsupported attribute fill-rule (\Nokia\devices\Nokia_Symbian3_SDK_v1.0\epoc32\build\s60\icons\temp\s3f0.tmp\.._gfx_imageconverter.svg)
11/19/17 23:56:09 : unsupported attribute fill-rule (\Nokia\devices\Nokia_Symbian3_SDK_v1.0\epoc32\build\s60\icons\temp\s2j4.tmp\.._gfx_imageconverter.svg)
12/02/17 19:17:39 : unsupported attribute fill-rule (\Nokia\devices\Nokia_Symbian3_SDK_v1.0\epoc32\build\s60\icons\temp\s22k.tmp\.._gfx_imageconverter.svg)
01/29/18 11:14:53 : unsupported attribute fill-rule (\Nokia\devices\Nokia_Symbian3_SDK_v1.0\epoc32\build\s60\icons\temp\s22o.tmp\.._gfx_imageconverter.svg)
01/29/18 11:18:13 : unsupported attribute fill-rule (\Nokia\devices\Nokia_Symbian3_SDK_v1.0\epoc32\build\s60\icons\temp\s35k.tmp\.._gfx_imageconverter.svg)
01/29/18 11:20:16 : unsupported attribute fill-rule (\Nokia\devices\Nokia_Symbian3_SDK_v1.0\epoc32\build\s60\icons\temp\s2gs.tmp\.._gfx_imageconverter.svg)
01/29/18 11:23:35 : unsupported attribute fill-rule (\Nokia\devices\Nokia_Symbian3_SDK_v1.0\epoc32\build\s60\icons\temp\s3c4.tmp\.._gfx_imageconverter.svg)
03/09/18 22:06:04 : unsupported attribute fill-rule (\Nokia\devices\Nokia_Symbian3_SDK_v1.0\epoc32\build\s60\icons\temp\s330.tmp\.._gfx_imageconverter.svg)
03/03/18 16:35:11 : unsupported attribute fill-rule (\Nokia\devices\Nokia_Symbian3_SDK_v1.0\epoc32\build\s60\icons\temp\s3tg.tmp\.._gfx_imageconverter.svg)
03/03/18 17:05:06 : unsupported attribute fill-rule (\Nokia\devices\Nokia_Symbian3_SDK_v1.0\epoc32\build\s60\icons\temp\sqc.tmp\.._gfx_imageconverter.svg)
